<?xml version="1.0" encoding="UTF-8"?>
<!-- Generated by org.testng.reporters.JUnitReportReporter -->
<testsuite hostname="DESKTOP-JH6HKVT" failures="0" tests="1" name="com.MyEcom.testcase.SignupPageExcelPom" time="19.995" errors="0" timestamp="2022-09-16T08:08:28 IST" skipped="0">
  <testcase classname="com.MyEcom.testcase.SignupPageExcelPom" name="signup" time="19.995"/>
  <system-out/>
</testsuite> <!-- com.MyEcom.testcase.SignupPageExcelPom -->
